Mon Oct 12 22:15:13 2020 0.05 0.13 0.13
Mon Oct 12 22:15:13 2020 0.05 0.13 0.13
Mon Oct 12 22:15:13 2020 0.05 0.13 0.13
Mon Oct 12 22:15:13 2020 0.05 0.13 0.13
Mon Oct 12 22:15:14 2020 0.05 0.13 0.13
Mon Oct 12 22:15:14 2020 0.05 0.13 0.13
Mon Oct 12 22:15:14 2020 0.05 0.13 0.13
Mon Oct 12 22:15:14 2020 0.05 0.13 0.13
Mon Oct 12 22:15:14 2020 0.05 0.13 0.13
Mon Oct 12 22:15:15 2020 0.05 0.13 0.13
Mon Oct 12 22:15:15 2020 0.05 0.13 0.13
Mon Oct 12 22:15:15 2020 0.05 0.13 0.13
Mon Oct 12 22:15:15 2020 0.05 0.13 0.13
Mon Oct 12 22:15:15 2020 0.05 0.13 0.13
Mon Oct 12 22:15:15 2020 0.05 0.13 0.13
Mon Oct 12 22:15:16 2020 0.05 0.13 0.13
Mon Oct 12 22:15:22 2020 0.05 0.13 0.13
Mon Oct 12 22:15:24 2020 0.04 0.13 0.13
Mon Oct 12 22:15:25 2020 0.04 0.13 0.13
Fri Oct 16 08:58:00 2020 0.04 0.03 0.07
Fri Oct 16 08:58:48 2020 0.02 0.02 0.06
Fri Oct 16 09:08:17 2020 0.00 0.01 0.05
Fri Oct 16 09:08:33 2020 0.00 0.01 0.05
Fri Oct 16 14:52:37 2020 0.05 0.03 0.05
Sat Oct 17 05:13:07 2020 0.00 0.07 0.07
Sat Oct 17 11:09:21 2020 0.46 0.15 0.09
Sat Oct 17 11:10:08 2020 0.20 0.13 0.09
Sat Oct 17 11:59:18 2020 0.00 0.01 0.05
Sat Oct 17 12:38:01 2020 0.11 0.13 0.09
Sat Oct 17 12:42:36 2020 0.00 0.05 0.06
Sat Oct 17 12:45:42 2020 0.23 0.10 0.07
Sat Oct 17 13:01:01 2020 0.00 0.01 0.05
Sat Oct 17 13:12:01 2020 0.00 0.02 0.05
Sat Oct 17 13:13:01 2020 0.00 0.02 0.05
Sat Oct 17 13:14:01 2020 0.00 0.01 0.05
Sat Oct 17 13:15:01 2020 0.00 0.01 0.05
Sat Oct 17 13:16:01 2020 0.00 0.01 0.05
Sat Oct 17 13:17:01 2020 0.00 0.01 0.05
Sat Oct 17 13:18:01 2020 0.04 0.03 0.05
Sat Oct 17 13:19:01 2020 0.02 0.02 0.05
Sat Oct 17 13:20:01 2020 0.01 0.02 0.05
Sat Oct 17 13:21:02 2020 0.00 0.01 0.05
Sat Oct 17 13:22:01 2020 0.00 0.01 0.05
