Fri Oct 16 09:08:17 2020 Success
Fri Oct 16 09:08:33 2020 Success
Fri Oct 16 14:52:37 2020 Success
Sat Oct 17 05:13:07 2020 Success
Sat Oct 17 11:09:21 2020 Success
Sat Oct 17 11:10:08 2020 Success
Sat Oct 17 11:59:18 2020 Success
Sat Oct 17 12:42:36 2020 Success
Sat Oct 17 12:45:42 2020 Success
Sat Oct 17 13:01:01 2020 Success
Sat Oct 17 13:12:01 2020 Success
Sat Oct 17 13:13:01 2020 Success
Sat Oct 17 13:14:01 2020 Success
Sat Oct 17 13:15:01 2020 Success
Sat Oct 17 13:16:01 2020 Success
Sat Oct 17 13:17:01 2020 Success
Sat Oct 17 13:18:01 2020 Success
Sat Oct 17 13:19:01 2020 Success
Sat Oct 17 13:20:01 2020 Success
Sat Oct 17 13:21:02 2020 Success
Sat Oct 17 13:22:01 2020 Success
Sun Oct 18 15:31:45 2020 Success
Sun Oct 18 15:39:01 2020 Success
Sun Oct 18 15:40:01 2020 Success
Sun Oct 18 15:41:01 2020 Success
Sun Oct 18 15:42:01 2020 Success
Sun Oct 18 15:43:01 2020 Success
time.struct_time(tm_year=2020, tm_mon=10, tm_mday=18, tm_hour=15, tm_min=58, tm_sec=48, tm_wday=6, tm_yday=292, tm_isdst=0) Success
time.struct_time(tm_year=2020, tm_mon=10, tm_mday=18, tm_hour=16, tm_min=0, tm_sec=1, tm_wday=6, tm_yday=292, tm_isdst=0) Success
16:02:52 10 18 20 Success
16:08:01 10 18 20 Success
16:09:01 10 18 20 Success
16:10:01 10 18 20 Success
16:11:01 10 18 20 Success
16:12:01 10 18 20 Success
16:13:01 10 18 20 Success
16:14:01 10 18 20 Success
16:15:01 10 18 20 Success
16:16:01 10 18 20 Success
16:17:02 10 18 20 Success
